d:\c++ project\dxlibproject\puyopuyo2\release\vc143.pdb
d:\c++ project\dxlibproject\puyopuyo2\release\stage.obj
d:\c++ project\dxlibproject\puyopuyo2\release\main.obj
d:\c++ project\dxlibproject\puyopuyo2\release\define.obj
d:\c++ project\dxlibproject\puyopuyo2\release\score.obj
d:\c++ project\dxlibproject\puyopuyo2\release\scenemng.obj
d:\c++ project\dxlibproject\puyopuyo2\release\scenechange.obj
d:\c++ project\dxlibproject\puyopuyo2\release\puyo.obj
d:\c++ project\dxlibproject\puyopuyo2\release\player.obj
d:\c++ project\dxlibproject\puyopuyo2\release\menu.obj
d:\c++ project\dxlibproject\puyopuyo2\release\keyconfig.obj
d:\c++ project\dxlibproject\puyopuyo2\release\game.obj
d:\c++ project\dxlibproject\puyopuyo2\release\config.obj
d:\c++ project\dxlibproject\puyopuyo2\release\basescene.obj
d:\c++ project\dxlibproject\puyopuyo2\release\puyopuyo.exe
d:\c++ project\dxlibproject\puyopuyo2\release\puyopuyo.pdb
d:\c++ project\dxlibproject\puyopuyo2\release\puyopuyo.ipdb
d:\c++ project\dxlibproject\puyopuyo2\release\puyopuyo.iobj
d:\c++ project\dxlibproject\puyopuyo2\release\puyopuyo.tlog\cl.command.1.tlog
d:\c++ project\dxlibproject\puyopuyo2\release\puyopuyo.tlog\cl.read.1.tlog
d:\c++ project\dxlibproject\puyopuyo2\release\puyopuyo.tlog\cl.write.1.tlog
d:\c++ project\dxlibproject\puyopuyo2\release\puyopuyo.tlog\link.command.1.tlog
d:\c++ project\dxlibproject\puyopuyo2\release\puyopuyo.tlog\link.read.1.tlog
d:\c++ project\dxlibproject\puyopuyo2\release\puyopuyo.tlog\link.write.1.tlog
d:\c++ project\dxlibproject\puyopuyo2\release\puyopuyo.tlog\puyopuyo.write.1u.tlog
