  basescene.cpp
  config.cpp
D:\C++ project\dxlibProject\DxLib\DxLib.h(1650,1): warning C4819: ファイルは、現在のコード ページ (932) で表示できない文字を含んでいます。データの損失を防ぐために、ファイルを Unicode 形式で保存してください。
  game.cpp
D:\C++ project\dxlibProject\DxLib\DxLib.h(1650,1): warning C4819: ファイルは、現在のコード ページ (932) で表示できない文字を含んでいます。データの損失を防ぐために、ファイルを Unicode 形式で保存してください。
  keyconfig.cpp
D:\C++ project\dxlibProject\DxLib\DxLib.h(1650,1): warning C4819: ファイルは、現在のコード ページ (932) で表示できない文字を含んでいます。データの損失を防ぐために、ファイルを Unicode 形式で保存してください。
  menu.cpp
D:\C++ project\dxlibProject\DxLib\DxLib.h(1650,1): warning C4819: ファイルは、現在のコード ページ (932) で表示できない文字を含んでいます。データの損失を防ぐために、ファイルを Unicode 形式で保存してください。
  player.cpp
D:\C++ project\dxlibProject\DxLib\DxLib.h(1650,1): warning C4819: ファイルは、現在のコード ページ (932) で表示できない文字を含んでいます。データの損失を防ぐために、ファイルを Unicode 形式で保存してください。
D:\C++ project\dxlibProject\puyopuyo2\player.cpp(151,47): warning C4244: '引数': 'double' から 'int' への変換です。データが失われる可能性があります。
D:\C++ project\dxlibProject\puyopuyo2\player.cpp(152,48): warning C4244: '引数': 'double' から 'int' への変換です。データが失われる可能性があります。
D:\C++ project\dxlibProject\puyopuyo2\player.cpp(155,47): warning C4244: '引数': 'double' から 'int' への変換です。データが失われる可能性があります。
D:\C++ project\dxlibProject\puyopuyo2\player.cpp(156,49): warning C4244: '引数': 'double' から 'int' への変換です。データが失われる可能性があります。
D:\C++ project\dxlibProject\puyopuyo2\player.cpp(159,47): warning C4244: '引数': 'double' から 'int' への変換です。データが失われる可能性があります。
D:\C++ project\dxlibProject\puyopuyo2\player.cpp(160,48): warning C4244: '引数': 'double' から 'int' への変換です。データが失われる可能性があります。
D:\C++ project\dxlibProject\puyopuyo2\player.cpp(163,47): warning C4244: '引数': 'double' から 'int' への変換です。データが失われる可能性があります。
D:\C++ project\dxlibProject\puyopuyo2\player.cpp(164,49): warning C4244: '引数': 'double' から 'int' への変換です。データが失われる可能性があります。
D:\C++ project\dxlibProject\puyopuyo2\player.cpp(194,15): warning C4244: '引数': 'time_t' から 'unsigned int' への変換です。データが失われる可能性があります。
  puyo.cpp
D:\C++ project\dxlibProject\DxLib\DxLib.h(1650,1): warning C4819: ファイルは、現在のコード ページ (932) で表示できない文字を含んでいます。データの損失を防ぐために、ファイルを Unicode 形式で保存してください。
D:\C++ project\dxlibProject\puyopuyo2\puyo.cpp(10,12): warning C4244: '引数': 'time_t' から 'unsigned int' への変換です。データが失われる可能性があります。
  scenechange.cpp
  scenemng.cpp
D:\C++ project\dxlibProject\DxLib\DxLib.h(1650,1): warning C4819: ファイルは、現在のコード ページ (932) で表示できない文字を含んでいます。データの損失を防ぐために、ファイルを Unicode 形式で保存してください。
  score.cpp
D:\C++ project\dxlibProject\DxLib\DxLib.h(1650,1): warning C4819: ファイルは、現在のコード ページ (932) で表示できない文字を含んでいます。データの損失を防ぐために、ファイルを Unicode 形式で保存してください。
  Define.cpp
  main.cpp
D:\C++ project\dxlibProject\DxLib\DxLib.h(1650,1): warning C4819: ファイルは、現在のコード ページ (932) で表示できない文字を含んでいます。データの損失を防ぐために、ファイルを Unicode 形式で保存してください。
  stage.cpp
D:\C++ project\dxlibProject\DxLib\DxLib.h(1650,1): warning C4819: ファイルは、現在のコード ページ (932) で表示できない文字を含んでいます。データの損失を防ぐために、ファイルを Unicode 形式で保存してください。
  コード生成しています。
  Previous IPDB not found, fall back to full compilation.
  All 343 functions were compiled because no usable IPDB/IOBJ from previous compilation was found.
  コード生成が終了しました。
  Puyopuyo2.vcxproj -> D:\C++ project\dxlibProject\puyopuyo2\Release\Puyopuyo.exe
