  player.cpp
D:\C++ project\ryujin2-master\DxLib\DxLib.h(1650,1): warning C4819: ファイルは、現在のコード ページ (932) で表示できない文字を含んでいます。データの損失を防ぐために、ファイルを Unicode 形式で保存してください。
D:\C++ project\ryujin2-master\puyopuyo\player.cpp(150,47): warning C4244: '引数': 'double' から 'int' への変換です。データが失われる可能性があります。
D:\C++ project\ryujin2-master\puyopuyo\player.cpp(151,48): warning C4244: '引数': 'double' から 'int' への変換です。データが失われる可能性があります。
D:\C++ project\ryujin2-master\puyopuyo\player.cpp(154,47): warning C4244: '引数': 'double' から 'int' への変換です。データが失われる可能性があります。
D:\C++ project\ryujin2-master\puyopuyo\player.cpp(155,49): warning C4244: '引数': 'double' から 'int' への変換です。データが失われる可能性があります。
D:\C++ project\ryujin2-master\puyopuyo\player.cpp(158,47): warning C4244: '引数': 'double' から 'int' への変換です。データが失われる可能性があります。
D:\C++ project\ryujin2-master\puyopuyo\player.cpp(159,48): warning C4244: '引数': 'double' から 'int' への変換です。データが失われる可能性があります。
D:\C++ project\ryujin2-master\puyopuyo\player.cpp(162,47): warning C4244: '引数': 'double' から 'int' への変換です。データが失われる可能性があります。
D:\C++ project\ryujin2-master\puyopuyo\player.cpp(163,49): warning C4244: '引数': 'double' から 'int' への変換です。データが失われる可能性があります。
D:\C++ project\ryujin2-master\puyopuyo\player.cpp(193,15): warning C4244: '引数': 'time_t' から 'unsigned int' への変換です。データが失われる可能性があります。
  puyo.cpp
D:\C++ project\ryujin2-master\DxLib\DxLib.h(1650,1): warning C4819: ファイルは、現在のコード ページ (932) で表示できない文字を含んでいます。データの損失を防ぐために、ファイルを Unicode 形式で保存してください。
D:\C++ project\ryujin2-master\puyopuyo\puyo.cpp(10,12): warning C4244: '引数': 'time_t' から 'unsigned int' への変換です。データが失われる可能性があります。
  Define.cpp
  main.cpp
D:\C++ project\ryujin2-master\DxLib\DxLib.h(1650,1): warning C4819: ファイルは、現在のコード ページ (932) で表示できない文字を含んでいます。データの損失を防ぐために、ファイルを Unicode 形式で保存してください。
  stage.cpp
D:\C++ project\ryujin2-master\DxLib\DxLib.h(1650,1): warning C4819: ファイルは、現在のコード ページ (932) で表示できない文字を含んでいます。データの損失を防ぐために、ファイルを Unicode 形式で保存してください。
  コード生成しています。
  Previous IPDB not found, fall back to full compilation.
  All 327 functions were compiled because no usable IPDB/IOBJ from previous compilation was found.
  コード生成が終了しました。
  Ryujin2.vcxproj -> D:\C++ project\ryujin2-master\puyopuyo\Release\Puyopuyo.exe
